Arguments: 
  C:\Program Files\nodejs\node.exe C:\Users\verna\AppData\Roaming\npm\node_modules\yarn\bin\yarn.js

PATH: 
  C:\Program Files (x86)\Intel\Intel(R) Management Engine Components\iCLS\;C:\Program Files\Intel\Intel(R) Management Engine Components\iCLS\;C:\Windows\system32;C:\Windows;C:\Windows\System32\Wbem;C:\Windows\System32\WindowsPowerShell\v1.0\;C:\Windows\System32\OpenSSH\;C:\Program Files\Git\cmd;C:\Program Files (x86)\NVIDIA Corporation\PhysX\Common;C:\Program Files\NVIDIA Corporation\NVIDIA NvDLISR;C:\Program Files\nodejs\;C:\Program Files\Microsoft SQL Server\Client SDK\ODBC\170\Tools\Binn\;C:\Program Files (x86)\Microsoft SQL Server\150\Tools\Binn\;C:\Program Files\Microsoft SQL Server\150\Tools\Binn\;C:\Program Files\Microsoft SQL Server\150\DTS\Binn\;C:\Program Files\dotnet\;C:\Program Files\Microsoft SQL Server\130\Tools\Binn\;C:\Program Files (x86)\Microsoft SQL Server\150\DTS\Binn\;C:\Program Files\Azure Data Studio\bin;C:\Program Files (x86)\Intel\Intel(R) Management Engine Components\DAL;C:\Program Files\Intel\Intel(R) Management Engine Components\DAL;C:\Program Files (x86)\Intel\Intel(R) Management Engine Components\IPT;C:\Program Files\Intel\Intel(R) Management Engine Components\IPT;C:\Program Files\nodejs\node_modules\npm\bin;C:\Program Files (x86)\Windows Kits\8.1\Windows Performance Toolkit\;C:\Program Files\Microsoft SQL Server\110\Tools\Binn\;C:\Program Files (x86)\Microsoft SDKs\TypeScript\1.0\;C:\Program Files\Microsoft SQL Server\120\Tools\Binn\;C:\WINDOWS\system32;C:\WINDOWS;C:\WINDOWS\System32\Wbem;C:\WINDOWS\System32\WindowsPowerShell\v1.0\;C:\WINDOWS\System32\OpenSSH\;%SystemRoot%\system32;%SystemRoot%;%SystemRoot%\System32\Wbem;%SYSTEMROOT%\System32\WindowsPowerShell\v1.0\;%SYSTEMROOT%\System32\OpenSSH\;C:\Users\verna\AppData\Local\Microsoft\WindowsApps;C:\Users\verna\AppData\Roaming\npm;C:\Users\verna\.dotnet\tools;C:\Program Files\Azure Data Studio\bin;C:\Program Files\nodejs\node_modules\npm\bin;;C:\Users\verna\AppData\Local\Programs\Microsoft VS Code\bin

Yarn version: 
  1.22.18

Node version: 
  14.16.1

Platform: 
  win32 x64

Trace: 
  Error: ENOENT: no such file or directory, copyfile 'C:\Users\verna\AppData\Local\Yarn\Cache\v6\npm-caseless-0.12.0-1b681c21ff84033c826543090689420d187151dc-integrity\node_modules\caseless\package.json' -> 'D:\ValsQuad\MyBarnch\Web\node_modules\caseless\package.json'

npm manifest: 
  {
    "name": "fnaleel-system",
    "version": "0.0.0",
    "scripts": {
      "ng": "ng",
      "start": "ng serve",
      "build": "ng build",
      "watch": "ng build --watch --configuration development",
      "test": "ng test"
    },
    "private": true,
    "dependencies": {
      "@angular/animations": "^14.1.3",
      "@angular/cdk": "^14.1.1",
      "@angular/common": "^14.1.3",
      "@angular/compiler": "^14.1.3",
      "@angular/core": "^14.1.3",
      "@angular/forms": "^14.1.3",
      "@angular/platform-browser": "^14.1.3",
      "@angular/platform-browser-dynamic": "^14.1.3",
      "@angular/router": "^14.1.3",
      "@auth0/angular-jwt": "^5.0.2",
      "@fortawesome/angular-fontawesome": "^0.11.1",
      "@fortawesome/fontawesome-svg-core": "^6.1.2",
      "@fortawesome/free-brands-svg-icons": "^6.1.1",
      "@fortawesome/free-regular-svg-icons": "^6.1.1",
      "@fortawesome/free-solid-svg-icons": "^6.1.2",
      "@ngx-translate/core": "^14.0.0",
      "@ngx-translate/http-loader": "^7.0.0",
      "angular-bootstrap": "^0.12.2",
      "angular-calendar": "^0.30.1",
      "bootstrap": "^5.2.0",
      "date-fns": "^2.29.2",
      "force": "^0.0.3",
      "jquery": "^3.6.0",
      "leaflet": "^1.8.0",
      "ngx-infinite-scroll": "^14.0.0",
      "ngx-spinner": "^14.0.0",
      "ngx-toaster": "^1.0.1",
      "ngx-toastr": "^15.0.0",
      "popper.js": "^1.16.1",
      "primeicons": "^5.0.0",
      "primeng": "^14.0.0",
      "rxjs": "~7.5.0",
      "tslib": "^2.3.0",
      "zone.js": "~0.11.4"
    },
    "devDependencies": {
      "@angular-devkit/build-angular": "^14.1.3",
      "@angular/cli": "~14.1.3",
      "@angular/compiler-cli": "^14.1.3",
      "@types/jasmine": "~4.0.0",
      "jasmine-core": "~4.1.0",
      "karma": "~6.3.0",
      "karma-chrome-launcher": "~3.1.0",
      "karma-coverage": "~2.2.0",
      "karma-jasmine": "~5.0.0",
      "karma-jasmine-html-reporter": "~1.7.0",
      "typescript": "~4.7.2"
    }
  }

yarn manifest: 
  No manifest

Lockfile: 
  No lockfile
